<?xml version="1.0" encoding="UTF-8"?>
<!-- Generated by org.testng.reporters.JUnitXMLReporter -->
<testsuite ignored="0" hostname="MohammedFerozAli" failures="0" tests="7" name="Vz Automation Test Cases" time="18.716" errors="0" timestamp="2021-06-01T22:23:27 IST">
  <testcase classname="com.vz.test.AccessoryBatteriesChargers" name="@BeforeMethod setup" time="7.19">
    <failure type="org.openqa.selenium.WebDriverException" message="chrome not reachable
  (Session info: chrome=90.0.4430.212)
Build info: version: &amp;apos;3.141.59&amp;apos;, revision: &amp;apos;e82be7d358&amp;apos;, time: &amp;apos;2018-11-14T08:17:03&amp;apos;
System info: host: &amp;apos;MOHAMMEDFEROZAL&amp;apos;, ip: &amp;apos;192.168.0.109&amp;apos;, os.name: &amp;apos;Windows 10&amp;apos;, os.arch: &amp;apos;amd64&amp;apos;, os.version: &amp;apos;10.0&amp;apos;, java.version: &amp;apos;15.0.2&amp;apos;
Driver info: org.openqa.selenium.chrome.ChromeDriver
Capabilities {acceptInsecureCerts: false, browserName: chrome, browserVersion: 90.0.4430.212, chrome: {chromedriverVersion: 90.0.4430.24 (4c6d850f087da..., userDataDir: C:\Users\NEW-PC\AppData\Loc...}, goog:chromeOptions: {debuggerAddress: localhost:64114}, javascriptEnabled: true, networkConnectionEnabled: false, pageLoadStrategy: normal, platform: WINDOWS, platformName: WINDOWS, proxy: Proxy(), setWindowRect: true, strictFileInteractability: false, timeouts: {implicit: 0, pageLoad: 300000, script: 30000}, unhandledPromptBehavior: dismiss and notify, webauthn:extension:largeBlob: true, webauthn:virtualAuthenticators: true}
Session ID: 99c64b1c9935560fc33bb74c0b55e8c0">
      <![CDATA[org.openqa.selenium.WebDriverException: chrome not reachable
  (Session info: chrome=90.0.4430.212)
Build info: version: '3.141.59', revision: 'e82be7d358', time: '2018-11-14T08:17:03'
System info: host: 'MOHAMMEDFEROZAL', ip: '192.168.0.109', os.name: 'Windows 10', os.arch: 'amd64', os.version: '10.0', java.version: '15.0.2'
Driver info: org.openqa.selenium.chrome.ChromeDriver
Capabilities {acceptInsecureCerts: false, browserName: chrome, browserVersion: 90.0.4430.212, chrome: {chromedriverVersion: 90.0.4430.24 (4c6d850f087da..., userDataDir: C:\Users\NEW-PC\AppData\Loc...}, goog:chromeOptions: {debuggerAddress: localhost:64114}, javascriptEnabled: true, networkConnectionEnabled: false, pageLoadStrategy: normal, platform: WINDOWS, platformName: WINDOWS, proxy: Proxy(), setWindowRect: true, strictFileInteractability: false, timeouts: {implicit: 0, pageLoad: 300000, script: 30000}, unhandledPromptBehavior: dismiss and notify, webauthn:extension:largeBlob: true, webauthn:virtualAuthenticators: true}
Session ID: 99c64b1c9935560fc33bb74c0b55e8c0
at org.openqa.selenium.remote.http.W3CHttpResponseCodec.createException(W3CHttpResponseCodec.java:187)
at org.openqa.selenium.remote.http.W3CHttpResponseCodec.decode(W3CHttpResponseCodec.java:122)
at org.openqa.selenium.remote.http.W3CHttpResponseCodec.decode(W3CHttpResponseCodec.java:49)
at org.openqa.selenium.remote.HttpCommandExecutor.execute(HttpCommandExecutor.java:158)
at org.openqa.selenium.remote.service.DriverCommandExecutor.execute(DriverCommandExecutor.java:83)
at org.openqa.selenium.remote.RemoteWebDriver.execute(RemoteWebDriver.java:552)
at org.openqa.selenium.remote.RemoteWebDriver.execute(RemoteWebDriver.java:609)
at org.openqa.selenium.remote.RemoteWebDriver$RemoteWebDriverOptions$RemoteWindow.maximize(RemoteWebDriver.java:837)
at org.openqa.selenium.support.events.EventFiringWebDriver$EventFiringWindow.maximize(EventFiringWebDriver.java:769)
at com.vz.base.TestBase.Initialization(TestBase.java:54)
at com.vz.test.AccessoryBatteriesChargers.setup(AccessoryBatteriesChargers.java:53)
at java.base/java.util.ArrayList.forEach(ArrayList.java:1511)
... Removed 36 stack frames]]>
    </failure>
  </testcase> <!-- @BeforeMethod setup -->
  <testcase classname="com.vz.test.AccessoryBatteriesChargers" name="@AfterMethod tearDown" time="-1.622566405971E9">
    <skipped/>
  </testcase> <!-- @AfterMethod tearDown -->
  <testcase classname="com.vz.test.AccessoryBatteriesChargers" name="@BeforeMethod setup" time="-1.622566407219E9">
    <skipped/>
  </testcase> <!-- @BeforeMethod setup -->
  <testcase classname="com.vz.test.AccessoryBatteriesChargers" name="@AfterMethod tearDown" time="-1.622566407236E9">
    <skipped/>
  </testcase> <!-- @AfterMethod tearDown -->
  <testcase classname="com.vz.test.AccessoryBatteriesChargers" name="@BeforeMethod setup" time="-1.62256640724E9">
    <skipped/>
  </testcase> <!-- @BeforeMethod setup -->
  <testcase classname="com.vz.test.AccessoryBatteriesChargers" name="@AfterMethod tearDown" time="-1.622566407247E9">
    <skipped/>
  </testcase> <!-- @AfterMethod tearDown -->
  <testcase classname="com.vz.test.AccessoryBatteriesChargers" name="@BeforeMethod setup" time="-1.622566407248E9">
    <skipped/>
  </testcase> <!-- @BeforeMethod setup -->
  <testcase classname="com.vz.test.AccessoryBatteriesChargers" name="@AfterMethod tearDown" time="-1.622566407254E9">
    <skipped/>
  </testcase> <!-- @AfterMethod tearDown -->
  <testcase classname="com.vz.test.AccessoryBatteriesChargers" name="@BeforeMethod setup" time="-1.622566407257E9">
    <skipped/>
  </testcase> <!-- @BeforeMethod setup -->
  <testcase classname="com.vz.test.AccessoryBatteriesChargers" name="@AfterMethod tearDown" time="-1.622566407265E9">
    <skipped/>
  </testcase> <!-- @AfterMethod tearDown -->
  <testcase classname="com.vz.test.AccessoryBatteriesChargers" name="@BeforeMethod setup" time="-1.622566407266E9">
    <skipped/>
  </testcase> <!-- @BeforeMethod setup -->
  <testcase classname="com.vz.test.AccessoryBatteriesChargers" name="@AfterMethod tearDown" time="-1.62256640727E9">
    <skipped/>
  </testcase> <!-- @AfterMethod tearDown -->
  <testcase classname="com.vz.test.AccessoryBatteriesChargers" name="HomeTitle" time="0.032"/>
  <testcase classname="com.vz.test.AccessoryBatteriesChargers" name="VzLogoTest" time="0.001">
    <skipped/>
  </testcase> <!-- VzLogoTest -->
  <testcase classname="com.vz.test.AccessoryBatteriesChargers" name="ShopBattery" time="0.0">
    <skipped/>
  </testcase> <!-- ShopBattery -->
  <testcase classname="com.vz.test.AccessoryBatteriesChargers" name="ShopChargers" time="0.0">
    <skipped/>
  </testcase> <!-- ShopChargers -->
  <testcase classname="com.vz.test.AccessoryBatteriesChargers" name="ShopAdapters" time="0.0">
    <skipped/>
  </testcase> <!-- ShopAdapters -->
  <testcase classname="com.vz.test.AccessoryBatteriesChargers" name="ShopCarChargers" time="0.0">
    <skipped/>
  </testcase> <!-- ShopCarChargers -->
  <testcase classname="com.vz.test.AccessoryBatteriesChargers" name="PDPCheckoutTest" time="0.0">
    <skipped/>
  </testcase> <!-- PDPCheckoutTest -->
</testsuite> <!-- Vz Automation Test Cases -->
